<?xml version="1.0" encoding="UTF-8"?>
<coverage generated="1560164209555" clover="3.2.0">
  <project timestamp="1560164209556" name="All files">
    <metrics statements="102" coveredstatements="102" conditionals="35" coveredconditionals="35" methods="20" coveredmethods="20" elements="157" coveredelements="157" complexity="0" loc="102" ncloc="102" packages="2" files="9" classes="9">
      <package name="quiz-one">
        <metrics statements="43" coveredstatements="43" conditionals="18" coveredconditionals="18" methods="4" coveredmethods="4"/>
        <file name="Q1.js" path="/Volumes/Intel360SSD/Project/Indigo/Test/AlgoExercises/src/quiz-one/Q1.js">
          <metrics statements="43" coveredstatements="43" conditionals="18" coveredconditionals="18" methods="4" coveredmethods="4"/>
          <line num="14" count="1" type="stmt"/>
          <line num="15" count="4" type="cond" truecount="4" falsecount="0"/>
          <line num="17" count="3" type="stmt"/>
          <line num="18" count="3" type="stmt"/>
          <line num="19" count="3" type="stmt"/>
          <line num="22" count="3" type="stmt"/>
          <line num="23" count="3" type="stmt"/>
          <line num="24" count="3" type="stmt"/>
          <line num="25" count="69" type="stmt"/>
          <line num="28" count="69" type="cond" truecount="2" falsecount="0"/>
          <line num="29" count="1" type="stmt"/>
          <line num="30" count="1" type="stmt"/>
          <line num="31" count="1" type="stmt"/>
          <line num="32" count="1" type="stmt"/>
          <line num="33" count="1" type="stmt"/>
          <line num="34" count="1" type="stmt"/>
          <line num="35" count="1" type="stmt"/>
          <line num="39" count="68" type="cond" truecount="2" falsecount="0"/>
          <line num="40" count="2" type="stmt"/>
          <line num="41" count="2" type="stmt"/>
          <line num="42" count="2" type="stmt"/>
          <line num="43" count="2" type="stmt"/>
          <line num="44" count="2" type="stmt"/>
          <line num="48" count="66" type="cond" truecount="2" falsecount="0"/>
          <line num="49" count="6" type="stmt"/>
          <line num="50" count="6" type="stmt"/>
          <line num="53" count="60" type="cond" truecount="2" falsecount="0"/>
          <line num="54" count="3" type="stmt"/>
          <line num="55" count="3" type="stmt"/>
          <line num="56" count="3" type="stmt"/>
          <line num="59" count="57" type="cond" truecount="2" falsecount="0"/>
          <line num="60" count="24" type="stmt"/>
          <line num="61" count="24" type="stmt"/>
          <line num="63" count="33" type="stmt"/>
          <line num="64" count="33" type="stmt"/>
          <line num="67" count="3" type="stmt"/>
          <line num="82" count="1" type="stmt"/>
          <line num="83" count="4" type="cond" truecount="4" falsecount="0"/>
          <line num="85" count="3" type="stmt"/>
          <line num="86" count="4" type="stmt"/>
          <line num="87" count="6" type="stmt"/>
          <line num="91" count="3" type="stmt"/>
          <line num="92" count="3" type="stmt"/>
        </file>
      </package>
      <package name="quiz-three">
        <metrics statements="59" coveredstatements="59" conditionals="17" coveredconditionals="17" methods="16" coveredmethods="16"/>
        <file name="AmountBaseDiscount.js" path="/Volumes/Intel360SSD/Project/Indigo/Test/AlgoExercises/src/quiz-three/AmountBaseDiscount.js">
          <metrics statements="6" coveredstatements="6" conditionals="0" coveredconditionals="0" methods="2" coveredmethods="2"/>
          <line num="5" count="20" type="stmt"/>
          <line num="6" count="20" type="stmt"/>
          <line num="10" count="20" type="stmt"/>
          <line num="11" count="20" type="stmt"/>
          <line num="12" count="20" type="stmt"/>
          <line num="13" count="20" type="stmt"/>
        </file>
        <file name="Configuration.js" path="/Volumes/Intel360SSD/Project/Indigo/Test/AlgoExercises/src/quiz-three/Configuration.js">
          <metrics statements="3" coveredstatements="3" conditionals="0" coveredconditionals="0" methods="0" coveredmethods="0"/>
          <line num="1" count="1" type="stmt"/>
          <line num="9" count="1" type="stmt"/>
          <line num="15" count="1" type="stmt"/>
        </file>
        <file name="Customer.js" path="/Volumes/Intel360SSD/Project/Indigo/Test/AlgoExercises/src/quiz-three/Customer.js">
          <metrics statements="5" coveredstatements="5" conditionals="0" coveredconditionals="0" methods="2" coveredmethods="2"/>
          <line num="3" count="20" type="stmt"/>
          <line num="7" count="20" type="stmt"/>
          <line num="8" count="20" type="stmt"/>
          <line num="9" count="20" type="stmt"/>
          <line num="10" count="20" type="stmt"/>
        </file>
        <file name="DiscountBase.js" path="/Volumes/Intel360SSD/Project/Indigo/Test/AlgoExercises/src/quiz-three/DiscountBase.js">
          <metrics statements="2" coveredstatements="2" conditionals="1" coveredconditionals="1" methods="1" coveredmethods="1"/>
          <line num="3" count="100" type="stmt"/>
          <line num="4" count="100" type="stmt"/>
        </file>
        <file name="DiscountRules.js" path="/Volumes/Intel360SSD/Project/Indigo/Test/AlgoExercises/src/quiz-three/DiscountRules.js">
          <metrics statements="9" coveredstatements="9" conditionals="0" coveredconditionals="0" methods="3" coveredmethods="3"/>
          <line num="4" count="1" type="stmt"/>
          <line num="16" count="20" type="stmt"/>
          <line num="20" count="20" type="stmt"/>
          <line num="25" count="20" type="stmt"/>
          <line num="30" count="20" type="stmt"/>
          <line num="35" count="20" type="stmt"/>
          <line num="41" count="20" type="stmt"/>
          <line num="46" count="20" type="stmt"/>
          <line num="56" count="20" type="stmt"/>
        </file>
        <file name="DiscountUtil.js" path="/Volumes/Intel360SSD/Project/Indigo/Test/AlgoExercises/src/quiz-three/DiscountUtil.js">
          <metrics statements="7" coveredstatements="7" conditionals="2" coveredconditionals="2" methods="1" coveredmethods="1"/>
          <line num="7" count="1" type="stmt"/>
          <line num="8" count="2" type="stmt"/>
          <line num="10" count="2" type="stmt"/>
          <line num="11" count="2" type="stmt"/>
          <line num="12" count="2" type="cond" truecount="2" falsecount="0"/>
          <line num="13" count="1" type="stmt"/>
          <line num="15" count="1" type="stmt"/>
        </file>
        <file name="PercentageBaseDiscount.js" path="/Volumes/Intel360SSD/Project/Indigo/Test/AlgoExercises/src/quiz-three/PercentageBaseDiscount.js">
          <metrics statements="5" coveredstatements="5" conditionals="0" coveredconditionals="0" methods="2" coveredmethods="2"/>
          <line num="5" count="80" type="stmt"/>
          <line num="6" count="80" type="stmt"/>
          <line num="10" count="80" type="stmt"/>
          <line num="11" count="80" type="stmt"/>
          <line num="12" count="80" type="stmt"/>
        </file>
        <file name="Shop.js" path="/Volumes/Intel360SSD/Project/Indigo/Test/AlgoExercises/src/quiz-three/Shop.js">
          <metrics statements="22" coveredstatements="22" conditionals="14" coveredconditionals="14" methods="5" coveredmethods="5"/>
          <line num="8" count="20" type="stmt"/>
          <line num="10" count="20" type="stmt"/>
          <line num="11" count="20" type="stmt"/>
          <line num="15" count="20" type="stmt"/>
          <line num="16" count="20" type="stmt"/>
          <line num="17" count="20" type="stmt"/>
          <line num="18" count="20" type="stmt"/>
          <line num="22" count="20" type="cond" truecount="2" falsecount="0"/>
          <line num="23" count="2" type="stmt"/>
          <line num="24" count="18" type="cond" truecount="2" falsecount="0"/>
          <line num="25" count="2" type="stmt"/>
          <line num="26" count="16" type="cond" truecount="2" falsecount="0"/>
          <line num="27" count="1" type="stmt"/>
          <line num="28" count="15" type="cond" truecount="2" falsecount="0"/>
          <line num="32" count="1" type="stmt"/>
          <line num="35" count="14" type="cond" truecount="2" falsecount="0"/>
          <line num="36" count="2" type="stmt"/>
          <line num="38" count="12" type="stmt"/>
          <line num="41" count="20" type="stmt"/>
          <line num="45" count="20" type="cond" truecount="2" falsecount="0"/>
          <line num="48" count="20" type="stmt"/>
          <line num="52" count="10" type="stmt"/>
        </file>
      </package>
    </metrics>
  </project>
</coverage>
