{"/Volumes/Intel360SSD/Project/Indigo/Test/AlgoExercises/src/quiz-one/Q1.js": {"path":"/Volumes/Intel360SSD/Project/Indigo/Test/AlgoExercises/src/quiz-one/Q1.js","statementMap":{"0":{"start":{"line":14,"column":13},"end":{"line":68,"column":1}},"1":{"start":{"line":15,"column":2},"end":{"line":15,"column":40}},"2":{"start":{"line":15,"column":28},"end":{"line":15,"column":40}},"3":{"start":{"line":17,"column":17},"end":{"line":17,"column":19}},"4":{"start":{"line":18,"column":12},"end":{"line":18,"column":14}},"5":{"start":{"line":19,"column":12},"end":{"line":19,"column":14}},"6":{"start":{"line":22,"column":18},"end":{"line":22,"column":22}},"7":{"start":{"line":23,"column":12},"end":{"line":23,"column":14}},"8":{"start":{"line":24,"column":2},"end":{"line":66,"column":3}},"9":{"start":{"line":25,"column":17},"end":{"line":25,"column":24}},"10":{"start":{"line":28,"column":4},"end":{"line":36,"column":5}},"11":{"start":{"line":29,"column":6},"end":{"line":29,"column":23}},"12":{"start":{"line":30,"column":6},"end":{"line":30,"column":23}},"13":{"start":{"line":31,"column":6},"end":{"line":31,"column":15}},"14":{"start":{"line":32,"column":6},"end":{"line":32,"column":17}},"15":{"start":{"line":33,"column":6},"end":{"line":33,"column":23}},"16":{"start":{"line":34,"column":6},"end":{"line":34,"column":15}},"17":{"start":{"line":35,"column":6},"end":{"line":35,"column":15}},"18":{"start":{"line":39,"column":4},"end":{"line":45,"column":5}},"19":{"start":{"line":40,"column":6},"end":{"line":40,"column":23}},"20":{"start":{"line":41,"column":6},"end":{"line":41,"column":23}},"21":{"start":{"line":42,"column":6},"end":{"line":42,"column":15}},"22":{"start":{"line":43,"column":6},"end":{"line":43,"column":17}},"23":{"start":{"line":44,"column":6},"end":{"line":44,"column":15}},"24":{"start":{"line":48,"column":4},"end":{"line":51,"column":5}},"25":{"start":{"line":49,"column":6},"end":{"line":49,"column":24}},"26":{"start":{"line":50,"column":6},"end":{"line":50,"column":15}},"27":{"start":{"line":53,"column":4},"end":{"line":57,"column":5}},"28":{"start":{"line":54,"column":6},"end":{"line":54,"column":30}},"29":{"start":{"line":55,"column":6},"end":{"line":55,"column":23}},"30":{"start":{"line":56,"column":6},"end":{"line":56,"column":15}},"31":{"start":{"line":59,"column":4},"end":{"line":65,"column":5}},"32":{"start":{"line":60,"column":6},"end":{"line":60,"column":18}},"33":{"start":{"line":61,"column":6},"end":{"line":61,"column":15}},"34":{"start":{"line":63,"column":6},"end":{"line":63,"column":20}},"35":{"start":{"line":64,"column":6},"end":{"line":64,"column":15}},"36":{"start":{"line":67,"column":2},"end":{"line":67,"column":16}},"37":{"start":{"line":82,"column":14},"end":{"line":93,"column":1}},"38":{"start":{"line":83,"column":2},"end":{"line":83,"column":40}},"39":{"start":{"line":83,"column":30},"end":{"line":83,"column":40}},"40":{"start":{"line":85,"column":21},"end":{"line":89,"column":3}},"41":{"start":{"line":86,"column":4},"end":{"line":88,"column":16}},"42":{"start":{"line":87,"column":19},"end":{"line":87,"column":33}},"43":{"start":{"line":91,"column":17},"end":{"line":91,"column":38}},"44":{"start":{"line":92,"column":2},"end":{"line":92,"column":16}}},"fnMap":{"0":{"name":"(anonymous_0)","decl":{"start":{"line":14,"column":13},"end":{"line":14,"column":14}},"loc":{"start":{"line":14,"column":21},"end":{"line":68,"column":1}},"line":14},"1":{"name":"(anonymous_1)","decl":{"start":{"line":82,"column":14},"end":{"line":82,"column":15}},"loc":{"start":{"line":82,"column":23},"end":{"line":93,"column":1}},"line":82},"2":{"name":"(anonymous_2)","decl":{"start":{"line":85,"column":31},"end":{"line":85,"column":32}},"loc":{"start":{"line":86,"column":4},"end":{"line":88,"column":16}},"line":86},"3":{"name":"(anonymous_3)","decl":{"start":{"line":87,"column":11},"end":{"line":87,"column":12}},"loc":{"start":{"line":87,"column":19},"end":{"line":87,"column":33}},"line":87}},"branchMap":{"0":{"loc":{"start":{"line":15,"column":2},"end":{"line":15,"column":40}},"type":"if","locations":[{"start":{"line":15,"column":2},"end":{"line":15,"column":40}},{"start":{"line":15,"column":2},"end":{"line":15,"column":40}}],"line":15},"1":{"loc":{"start":{"line":15,"column":6},"end":{"line":15,"column":26}},"type":"binary-expr","locations":[{"start":{"line":15,"column":6},"end":{"line":15,"column":17}},{"start":{"line":15,"column":21},"end":{"line":15,"column":26}}],"line":15},"2":{"loc":{"start":{"line":28,"column":4},"end":{"line":36,"column":5}},"type":"if","locations":[{"start":{"line":28,"column":4},"end":{"line":36,"column":5}},{"start":{"line":28,"column":4},"end":{"line":36,"column":5}}],"line":28},"3":{"loc":{"start":{"line":39,"column":4},"end":{"line":45,"column":5}},"type":"if","locations":[{"start":{"line":39,"column":4},"end":{"line":45,"column":5}},{"start":{"line":39,"column":4},"end":{"line":45,"column":5}}],"line":39},"4":{"loc":{"start":{"line":48,"column":4},"end":{"line":51,"column":5}},"type":"if","locations":[{"start":{"line":48,"column":4},"end":{"line":51,"column":5}},{"start":{"line":48,"column":4},"end":{"line":51,"column":5}}],"line":48},"5":{"loc":{"start":{"line":53,"column":4},"end":{"line":57,"column":5}},"type":"if","locations":[{"start":{"line":53,"column":4},"end":{"line":57,"column":5}},{"start":{"line":53,"column":4},"end":{"line":57,"column":5}}],"line":53},"6":{"loc":{"start":{"line":59,"column":4},"end":{"line":65,"column":5}},"type":"if","locations":[{"start":{"line":59,"column":4},"end":{"line":65,"column":5}},{"start":{"line":59,"column":4},"end":{"line":65,"column":5}}],"line":59},"7":{"loc":{"start":{"line":83,"column":2},"end":{"line":83,"column":40}},"type":"if","locations":[{"start":{"line":83,"column":2},"end":{"line":83,"column":40}},{"start":{"line":83,"column":2},"end":{"line":83,"column":40}}],"line":83},"8":{"loc":{"start":{"line":83,"column":6},"end":{"line":83,"column":28}},"type":"binary-expr","locations":[{"start":{"line":83,"column":6},"end":{"line":83,"column":12}},{"start":{"line":83,"column":16},"end":{"line":83,"column":28}}],"line":83}},"s":{"0":1,"1":4,"2":1,"3":3,"4":3,"5":3,"6":3,"7":3,"8":3,"9":69,"10":69,"11":1,"12":1,"13":1,"14":1,"15":1,"16":1,"17":1,"18":68,"19":2,"20":2,"21":2,"22":2,"23":2,"24":66,"25":6,"26":6,"27":60,"28":3,"29":3,"30":3,"31":57,"32":24,"33":24,"34":33,"35":33,"36":3,"37":1,"38":4,"39":1,"40":3,"41":4,"42":6,"43":3,"44":3},"f":{"0":4,"1":4,"2":4,"3":6},"b":{"0":[1,3],"1":[4,4],"2":[1,68],"3":[2,66],"4":[6,60],"5":[3,57],"6":[24,33],"7":[1,3],"8":[4,3]},"_coverageSchema":"332fd63041d2c1bcb487cc26dd0d5f7d97098a6c","hash":"a719b3c15fb1f4be6c310a5cef99abc06b10a99e"}
,"/Volumes/Intel360SSD/Project/Indigo/Test/AlgoExercises/src/quiz-three/AmountBaseDiscount.js": {"path":"/Volumes/Intel360SSD/Project/Indigo/Test/AlgoExercises/src/quiz-three/AmountBaseDiscount.js","statementMap":{"0":{"start":{"line":5,"column":4},"end":{"line":5,"column":12}},"1":{"start":{"line":6,"column":4},"end":{"line":6,"column":31}},"2":{"start":{"line":10,"column":59},"end":{"line":10,"column":65}},"3":{"start":{"line":11,"column":4},"end":{"line":11,"column":35}},"4":{"start":{"line":12,"column":4},"end":{"line":12,"column":37}},"5":{"start":{"line":13,"column":4},"end":{"line":13,"column":43}}},"fnMap":{"0":{"name":"(anonymous_0)","decl":{"start":{"line":4,"column":2},"end":{"line":4,"column":3}},"loc":{"start":{"line":4,"column":22},"end":{"line":7,"column":3}},"line":4},"1":{"name":"(anonymous_1)","decl":{"start":{"line":9,"column":2},"end":{"line":9,"column":3}},"loc":{"start":{"line":9,"column":24},"end":{"line":14,"column":3}},"line":9}},"branchMap":{},"s":{"0":20,"1":20,"2":20,"3":20,"4":20,"5":20},"f":{"0":20,"1":20},"b":{},"_coverageSchema":"332fd63041d2c1bcb487cc26dd0d5f7d97098a6c","hash":"8c181a6de41a499473157e2ce43cafc46c4b318b"}
,"/Volumes/Intel360SSD/Project/Indigo/Test/AlgoExercises/src/quiz-three/Configuration.js": {"path":"/Volumes/Intel360SSD/Project/Indigo/Test/AlgoExercises/src/quiz-three/Configuration.js","statementMap":{"0":{"start":{"line":1,"column":17},"end":{"line":7,"column":1}},"1":{"start":{"line":9,"column":22},"end":{"line":13,"column":1}},"2":{"start":{"line":15,"column":22},"end":{"line":17,"column":1}}},"fnMap":{},"branchMap":{},"s":{"0":1,"1":1,"2":1},"f":{},"b":{},"_coverageSchema":"332fd63041d2c1bcb487cc26dd0d5f7d97098a6c","hash":"926b663755e217148e1196572a2aaa338032aa11"}
,"/Volumes/Intel360SSD/Project/Indigo/Test/AlgoExercises/src/quiz-three/Customer.js": {"path":"/Volumes/Intel360SSD/Project/Indigo/Test/AlgoExercises/src/quiz-three/Customer.js","statementMap":{"0":{"start":{"line":3,"column":4},"end":{"line":3,"column":31}},"1":{"start":{"line":7,"column":52},"end":{"line":7,"column":58}},"2":{"start":{"line":8,"column":4},"end":{"line":8,"column":29}},"3":{"start":{"line":9,"column":4},"end":{"line":9,"column":29}},"4":{"start":{"line":10,"column":4},"end":{"line":10,"column":43}}},"fnMap":{"0":{"name":"(anonymous_0)","decl":{"start":{"line":2,"column":2},"end":{"line":2,"column":3}},"loc":{"start":{"line":2,"column":22},"end":{"line":4,"column":3}},"line":2},"1":{"name":"(anonymous_1)","decl":{"start":{"line":6,"column":2},"end":{"line":6,"column":3}},"loc":{"start":{"line":6,"column":24},"end":{"line":11,"column":3}},"line":6}},"branchMap":{},"s":{"0":20,"1":20,"2":20,"3":20,"4":20},"f":{"0":20,"1":20},"b":{},"_coverageSchema":"332fd63041d2c1bcb487cc26dd0d5f7d97098a6c","hash":"cccfc106442943c7019f2feb1dfc76d21566c679"}
,"/Volumes/Intel360SSD/Project/Indigo/Test/AlgoExercises/src/quiz-three/DiscountBase.js": {"path":"/Volumes/Intel360SSD/Project/Indigo/Test/AlgoExercises/src/quiz-three/DiscountBase.js","statementMap":{"0":{"start":{"line":3,"column":28},"end":{"line":3,"column":34}},"1":{"start":{"line":4,"column":4},"end":{"line":4,"column":35}}},"fnMap":{"0":{"name":"(anonymous_0)","decl":{"start":{"line":2,"column":2},"end":{"line":2,"column":3}},"loc":{"start":{"line":2,"column":27},"end":{"line":5,"column":3}},"line":2}},"branchMap":{"0":{"loc":{"start":{"line":2,"column":14},"end":{"line":2,"column":25}},"type":"default-arg","locations":[{"start":{"line":2,"column":23},"end":{"line":2,"column":25}}],"line":2}},"s":{"0":100,"1":100},"f":{"0":100},"b":{"0":[100]},"_coverageSchema":"332fd63041d2c1bcb487cc26dd0d5f7d97098a6c","hash":"f458d3e5ca93ada62dc84f4727305471870b9dc8"}
,"/Volumes/Intel360SSD/Project/Indigo/Test/AlgoExercises/src/quiz-three/DiscountRules.js": {"path":"/Volumes/Intel360SSD/Project/Indigo/Test/AlgoExercises/src/quiz-three/DiscountRules.js","statementMap":{"0":{"start":{"line":4,"column":23},"end":{"line":10,"column":1}},"1":{"start":{"line":16,"column":4},"end":{"line":16,"column":40}},"2":{"start":{"line":20,"column":32},"end":{"line":23,"column":6}},"3":{"start":{"line":25,"column":34},"end":{"line":28,"column":6}},"4":{"start":{"line":30,"column":39},"end":{"line":33,"column":6}},"5":{"start":{"line":35,"column":34},"end":{"line":39,"column":6}},"6":{"start":{"line":41,"column":36},"end":{"line":44,"column":6}},"7":{"start":{"line":46,"column":4},"end":{"line":52,"column":6}},"8":{"start":{"line":56,"column":4},"end":{"line":56,"column":22}}},"fnMap":{"0":{"name":"(anonymous_0)","decl":{"start":{"line":15,"column":2},"end":{"line":15,"column":3}},"loc":{"start":{"line":15,"column":21},"end":{"line":17,"column":3}},"line":15},"1":{"name":"(anonymous_1)","decl":{"start":{"line":19,"column":2},"end":{"line":19,"column":3}},"loc":{"start":{"line":19,"column":20},"end":{"line":53,"column":3}},"line":19},"2":{"name":"(anonymous_2)","decl":{"start":{"line":55,"column":2},"end":{"line":55,"column":3}},"loc":{"start":{"line":55,"column":21},"end":{"line":57,"column":3}},"line":55}},"branchMap":{},"s":{"0":1,"1":20,"2":20,"3":20,"4":20,"5":20,"6":20,"7":20,"8":20},"f":{"0":20,"1":20,"2":20},"b":{},"_coverageSchema":"332fd63041d2c1bcb487cc26dd0d5f7d97098a6c","hash":"b8f927e023769cd2b78bfbcc0e2ba29104163bfc"}
,"/Volumes/Intel360SSD/Project/Indigo/Test/AlgoExercises/src/quiz-three/DiscountUtil.js": {"path":"/Volumes/Intel360SSD/Project/Indigo/Test/AlgoExercises/src/quiz-three/DiscountUtil.js","statementMap":{"0":{"start":{"line":7,"column":34},"end":{"line":16,"column":1}},"1":{"start":{"line":8,"column":40},"end":{"line":8,"column":48}},"2":{"start":{"line":10,"column":22},"end":{"line":10,"column":46}},"3":{"start":{"line":11,"column":19},"end":{"line":11,"column":41}},"4":{"start":{"line":12,"column":2},"end":{"line":14,"column":3}},"5":{"start":{"line":13,"column":4},"end":{"line":13,"column":16}},"6":{"start":{"line":15,"column":2},"end":{"line":15,"column":15}}},"fnMap":{"0":{"name":"(anonymous_0)","decl":{"start":{"line":7,"column":34},"end":{"line":7,"column":35}},"loc":{"start":{"line":7,"column":46},"end":{"line":16,"column":1}},"line":7}},"branchMap":{"0":{"loc":{"start":{"line":12,"column":2},"end":{"line":14,"column":3}},"type":"if","locations":[{"start":{"line":12,"column":2},"end":{"line":14,"column":3}},{"start":{"line":12,"column":2},"end":{"line":14,"column":3}}],"line":12}},"s":{"0":1,"1":2,"2":2,"3":2,"4":2,"5":1,"6":1},"f":{"0":2},"b":{"0":[1,1]},"_coverageSchema":"332fd63041d2c1bcb487cc26dd0d5f7d97098a6c","hash":"4b8731bb7f080c67de8b1987cf7e4ab40b5b106c"}
,"/Volumes/Intel360SSD/Project/Indigo/Test/AlgoExercises/src/quiz-three/PercentageBaseDiscount.js": {"path":"/Volumes/Intel360SSD/Project/Indigo/Test/AlgoExercises/src/quiz-three/PercentageBaseDiscount.js","statementMap":{"0":{"start":{"line":5,"column":4},"end":{"line":5,"column":12}},"1":{"start":{"line":6,"column":4},"end":{"line":6,"column":31}},"2":{"start":{"line":10,"column":45},"end":{"line":10,"column":51}},"3":{"start":{"line":11,"column":4},"end":{"line":11,"column":35}},"4":{"start":{"line":12,"column":4},"end":{"line":12,"column":43}}},"fnMap":{"0":{"name":"(anonymous_0)","decl":{"start":{"line":4,"column":2},"end":{"line":4,"column":3}},"loc":{"start":{"line":4,"column":22},"end":{"line":7,"column":3}},"line":4},"1":{"name":"(anonymous_1)","decl":{"start":{"line":9,"column":2},"end":{"line":9,"column":3}},"loc":{"start":{"line":9,"column":24},"end":{"line":13,"column":3}},"line":9}},"branchMap":{},"s":{"0":80,"1":80,"2":80,"3":80,"4":80},"f":{"0":80,"1":80},"b":{},"_coverageSchema":"332fd63041d2c1bcb487cc26dd0d5f7d97098a6c","hash":"ed13463a93868f6dfdf1ea26db97aef92ecda5bb"}
,"/Volumes/Intel360SSD/Project/Indigo/Test/AlgoExercises/src/quiz-three/Shop.js": {"path":"/Volumes/Intel360SSD/Project/Indigo/Test/AlgoExercises/src/quiz-three/Shop.js","statementMap":{"0":{"start":{"line":8,"column":4},"end":{"line":8,"column":31}},"1":{"start":{"line":10,"column":4},"end":{"line":10,"column":64}},"2":{"start":{"line":11,"column":4},"end":{"line":11,"column":32}},"3":{"start":{"line":15,"column":48},"end":{"line":15,"column":54}},"4":{"start":{"line":16,"column":4},"end":{"line":16,"column":29}},"5":{"start":{"line":17,"column":4},"end":{"line":17,"column":31}},"6":{"start":{"line":18,"column":4},"end":{"line":18,"column":33}},"7":{"start":{"line":22,"column":4},"end":{"line":39,"column":5}},"8":{"start":{"line":23,"column":6},"end":{"line":23,"column":77}},"9":{"start":{"line":24,"column":11},"end":{"line":39,"column":5}},"10":{"start":{"line":25,"column":6},"end":{"line":25,"column":76}},"11":{"start":{"line":26,"column":11},"end":{"line":39,"column":5}},"12":{"start":{"line":27,"column":6},"end":{"line":27,"column":78}},"13":{"start":{"line":28,"column":11},"end":{"line":39,"column":5}},"14":{"start":{"line":32,"column":6},"end":{"line":34,"column":8}},"15":{"start":{"line":35,"column":11},"end":{"line":39,"column":5}},"16":{"start":{"line":36,"column":6},"end":{"line":36,"column":74}},"17":{"start":{"line":38,"column":6},"end":{"line":38,"column":35}},"18":{"start":{"line":41,"column":4},"end":{"line":41,"column":35}},"19":{"start":{"line":45,"column":26},"end":{"line":47,"column":9}},"20":{"start":{"line":48,"column":4},"end":{"line":48,"column":42}},"21":{"start":{"line":52,"column":4},"end":{"line":52,"column":53}}},"fnMap":{"0":{"name":"(anonymous_0)","decl":{"start":{"line":7,"column":2},"end":{"line":7,"column":3}},"loc":{"start":{"line":7,"column":22},"end":{"line":12,"column":3}},"line":7},"1":{"name":"(anonymous_1)","decl":{"start":{"line":14,"column":2},"end":{"line":14,"column":3}},"loc":{"start":{"line":14,"column":24},"end":{"line":19,"column":3}},"line":14},"2":{"name":"(anonymous_2)","decl":{"start":{"line":21,"column":2},"end":{"line":21,"column":3}},"loc":{"start":{"line":21,"column":25},"end":{"line":42,"column":3}},"line":21},"3":{"name":"(anonymous_3)","decl":{"start":{"line":44,"column":2},"end":{"line":44,"column":3}},"loc":{"start":{"line":44,"column":22},"end":{"line":49,"column":3}},"line":44},"4":{"name":"(anonymous_4)","decl":{"start":{"line":51,"column":2},"end":{"line":51,"column":3}},"loc":{"start":{"line":51,"column":26},"end":{"line":53,"column":3}},"line":51}},"branchMap":{"0":{"loc":{"start":{"line":22,"column":4},"end":{"line":39,"column":5}},"type":"if","locations":[{"start":{"line":22,"column":4},"end":{"line":39,"column":5}},{"start":{"line":22,"column":4},"end":{"line":39,"column":5}}],"line":22},"1":{"loc":{"start":{"line":24,"column":11},"end":{"line":39,"column":5}},"type":"if","locations":[{"start":{"line":24,"column":11},"end":{"line":39,"column":5}},{"start":{"line":24,"column":11},"end":{"line":39,"column":5}}],"line":24},"2":{"loc":{"start":{"line":26,"column":11},"end":{"line":39,"column":5}},"type":"if","locations":[{"start":{"line":26,"column":11},"end":{"line":39,"column":5}},{"start":{"line":26,"column":11},"end":{"line":39,"column":5}}],"line":26},"3":{"loc":{"start":{"line":28,"column":11},"end":{"line":39,"column":5}},"type":"if","locations":[{"start":{"line":28,"column":11},"end":{"line":39,"column":5}},{"start":{"line":28,"column":11},"end":{"line":39,"column":5}}],"line":28},"4":{"loc":{"start":{"line":29,"column":6},"end":{"line":30,"column":62}},"type":"binary-expr","locations":[{"start":{"line":29,"column":6},"end":{"line":29,"column":54}},{"start":{"line":30,"column":6},"end":{"line":30,"column":62}}],"line":29},"5":{"loc":{"start":{"line":35,"column":11},"end":{"line":39,"column":5}},"type":"if","locations":[{"start":{"line":35,"column":11},"end":{"line":39,"column":5}},{"start":{"line":35,"column":11},"end":{"line":39,"column":5}}],"line":35},"6":{"loc":{"start":{"line":45,"column":26},"end":{"line":47,"column":9}},"type":"cond-expr","locations":[{"start":{"line":46,"column":8},"end":{"line":46,"column":47}},{"start":{"line":47,"column":8},"end":{"line":47,"column":9}}],"line":45}},"s":{"0":20,"1":20,"2":20,"3":20,"4":20,"5":20,"6":20,"7":20,"8":2,"9":18,"10":2,"11":16,"12":1,"13":15,"14":1,"15":14,"16":2,"17":12,"18":20,"19":20,"20":20,"21":10},"f":{"0":20,"1":20,"2":20,"3":20,"4":10},"b":{"0":[2,18],"1":[2,16],"2":[1,15],"3":[1,14],"4":[15,2],"5":[2,12],"6":[12,8]},"_coverageSchema":"332fd63041d2c1bcb487cc26dd0d5f7d97098a6c","hash":"ba1a6ff08e7dabdc690fa76a5d37bd2e38e61267"}
}
