{"/Volumes/MAC-DATA/Project/Pyco/Indigo/Exercises/src/quiz-one/Q1.js": {"path":"/Volumes/MAC-DATA/Project/Pyco/Indigo/Exercises/src/quiz-one/Q1.js","statementMap":{"0":{"start":{"line":7,"column":13},"end":{"line":31,"column":1}},"1":{"start":{"line":8,"column":2},"end":{"line":8,"column":40}},"2":{"start":{"line":8,"column":28},"end":{"line":8,"column":40}},"3":{"start":{"line":10,"column":16},"end":{"line":10,"column":18}},"4":{"start":{"line":11,"column":21},"end":{"line":11,"column":37}},"5":{"start":{"line":12,"column":20},"end":{"line":12,"column":22}},"6":{"start":{"line":14,"column":13},"end":{"line":14,"column":15}},"7":{"start":{"line":15,"column":2},"end":{"line":29,"column":3}},"8":{"start":{"line":16,"column":4},"end":{"line":16,"column":14}},"9":{"start":{"line":17,"column":4},"end":{"line":17,"column":43}},"10":{"start":{"line":18,"column":4},"end":{"line":26,"column":5}},"11":{"start":{"line":19,"column":6},"end":{"line":22,"column":9}},"12":{"start":{"line":20,"column":29},"end":{"line":20,"column":42}},"13":{"start":{"line":21,"column":8},"end":{"line":21,"column":26}},"14":{"start":{"line":24,"column":27},"end":{"line":24,"column":52}},"15":{"start":{"line":25,"column":6},"end":{"line":25,"column":24}},"16":{"start":{"line":28,"column":4},"end":{"line":28,"column":21}},"17":{"start":{"line":30,"column":2},"end":{"line":30,"column":15}},"18":{"start":{"line":38,"column":14},"end":{"line":52,"column":1}},"19":{"start":{"line":39,"column":2},"end":{"line":39,"column":40}},"20":{"start":{"line":39,"column":30},"end":{"line":39,"column":40}},"21":{"start":{"line":41,"column":21},"end":{"line":41,"column":23}},"22":{"start":{"line":42,"column":23},"end":{"line":42,"column":25}},"23":{"start":{"line":43,"column":2},"end":{"line":48,"column":3}},"24":{"start":{"line":44,"column":4},"end":{"line":46,"column":17}},"25":{"start":{"line":45,"column":17},"end":{"line":45,"column":29}},"26":{"start":{"line":47,"column":4},"end":{"line":47,"column":36}},"27":{"start":{"line":50,"column":17},"end":{"line":50,"column":38}},"28":{"start":{"line":51,"column":2},"end":{"line":51,"column":16}}},"fnMap":{"0":{"name":"(anonymous_0)","decl":{"start":{"line":7,"column":13},"end":{"line":7,"column":14}},"loc":{"start":{"line":7,"column":21},"end":{"line":31,"column":1}},"line":7},"1":{"name":"(anonymous_1)","decl":{"start":{"line":19,"column":22},"end":{"line":19,"column":23}},"loc":{"start":{"line":19,"column":28},"end":{"line":22,"column":7}},"line":19},"2":{"name":"(anonymous_2)","decl":{"start":{"line":38,"column":14},"end":{"line":38,"column":15}},"loc":{"start":{"line":38,"column":23},"end":{"line":52,"column":1}},"line":38},"3":{"name":"(anonymous_3)","decl":{"start":{"line":45,"column":11},"end":{"line":45,"column":12}},"loc":{"start":{"line":45,"column":17},"end":{"line":45,"column":29}},"line":45}},"branchMap":{"0":{"loc":{"start":{"line":8,"column":2},"end":{"line":8,"column":40}},"type":"if","locations":[{"start":{"line":8,"column":2},"end":{"line":8,"column":40}},{"start":{"line":8,"column":2},"end":{"line":8,"column":40}}],"line":8},"1":{"loc":{"start":{"line":8,"column":6},"end":{"line":8,"column":26}},"type":"binary-expr","locations":[{"start":{"line":8,"column":6},"end":{"line":8,"column":17}},{"start":{"line":8,"column":21},"end":{"line":8,"column":26}}],"line":8},"2":{"loc":{"start":{"line":18,"column":4},"end":{"line":26,"column":5}},"type":"if","locations":[{"start":{"line":18,"column":4},"end":{"line":26,"column":5}},{"start":{"line":18,"column":4},"end":{"line":26,"column":5}}],"line":18},"3":{"loc":{"start":{"line":39,"column":2},"end":{"line":39,"column":40}},"type":"if","locations":[{"start":{"line":39,"column":2},"end":{"line":39,"column":40}},{"start":{"line":39,"column":2},"end":{"line":39,"column":40}}],"line":39},"4":{"loc":{"start":{"line":39,"column":6},"end":{"line":39,"column":28}},"type":"binary-expr","locations":[{"start":{"line":39,"column":6},"end":{"line":39,"column":12}},{"start":{"line":39,"column":16},"end":{"line":39,"column":28}}],"line":39}},"s":{"0":1,"1":4,"2":1,"3":3,"4":3,"5":3,"6":3,"7":3,"8":4,"9":4,"10":4,"11":2,"12":4,"13":4,"14":2,"15":2,"16":4,"17":3,"18":1,"19":4,"20":1,"21":3,"22":3,"23":3,"24":4,"25":6,"26":4,"27":3,"28":3},"f":{"0":4,"1":4,"2":4,"3":6},"b":{"0":[1,3],"1":[4,4],"2":[2,2],"3":[1,3],"4":[4,3]},"_coverageSchema":"332fd63041d2c1bcb487cc26dd0d5f7d97098a6c","hash":"215d93b55ac8c6452156c49a67c2d5a12189c90b"}
,"/Volumes/MAC-DATA/Project/Pyco/Indigo/Exercises/src/quiz-three/Configuration.js": {"path":"/Volumes/MAC-DATA/Project/Pyco/Indigo/Exercises/src/quiz-three/Configuration.js","statementMap":{"0":{"start":{"line":1,"column":17},"end":{"line":7,"column":1}},"1":{"start":{"line":9,"column":22},"end":{"line":13,"column":1}},"2":{"start":{"line":15,"column":22},"end":{"line":17,"column":1}},"3":{"start":{"line":19,"column":31},"end":{"line":23,"column":1}}},"fnMap":{},"branchMap":{},"s":{"0":1,"1":1,"2":1,"3":1},"f":{},"b":{},"_coverageSchema":"332fd63041d2c1bcb487cc26dd0d5f7d97098a6c","hash":"7b14c18f61e2131be0c1c3d8a3dbbe3a0f192bdd"}
,"/Volumes/MAC-DATA/Project/Pyco/Indigo/Exercises/src/quiz-three/Customer.js": {"path":"/Volumes/MAC-DATA/Project/Pyco/Indigo/Exercises/src/quiz-three/Customer.js","statementMap":{"0":{"start":{"line":3,"column":4},"end":{"line":3,"column":31}},"1":{"start":{"line":7,"column":52},"end":{"line":7,"column":58}},"2":{"start":{"line":8,"column":4},"end":{"line":8,"column":29}},"3":{"start":{"line":9,"column":4},"end":{"line":9,"column":29}},"4":{"start":{"line":10,"column":4},"end":{"line":10,"column":43}}},"fnMap":{"0":{"name":"(anonymous_0)","decl":{"start":{"line":2,"column":2},"end":{"line":2,"column":3}},"loc":{"start":{"line":2,"column":22},"end":{"line":4,"column":3}},"line":2},"1":{"name":"(anonymous_1)","decl":{"start":{"line":6,"column":2},"end":{"line":6,"column":3}},"loc":{"start":{"line":6,"column":24},"end":{"line":11,"column":3}},"line":6}},"branchMap":{},"s":{"0":20,"1":20,"2":20,"3":20,"4":20},"f":{"0":20,"1":20},"b":{},"_coverageSchema":"332fd63041d2c1bcb487cc26dd0d5f7d97098a6c","hash":"2bda891731746311ad4bf9752a93ada2e66b6481"}
,"/Volumes/MAC-DATA/Project/Pyco/Indigo/Exercises/src/quiz-three/DiscountUtil.js": {"path":"/Volumes/MAC-DATA/Project/Pyco/Indigo/Exercises/src/quiz-three/DiscountUtil.js","statementMap":{"0":{"start":{"line":12,"column":34},"end":{"line":21,"column":1}},"1":{"start":{"line":13,"column":40},"end":{"line":13,"column":48}},"2":{"start":{"line":15,"column":22},"end":{"line":15,"column":46}},"3":{"start":{"line":16,"column":19},"end":{"line":16,"column":41}},"4":{"start":{"line":17,"column":2},"end":{"line":19,"column":3}},"5":{"start":{"line":18,"column":4},"end":{"line":18,"column":16}},"6":{"start":{"line":20,"column":2},"end":{"line":20,"column":15}},"7":{"start":{"line":27,"column":39},"end":{"line":34,"column":1}},"8":{"start":{"line":30,"column":6},"end":{"line":30,"column":14}},"9":{"start":{"line":31,"column":2},"end":{"line":31,"column":28}},"10":{"start":{"line":32,"column":2},"end":{"line":32,"column":45}},"11":{"start":{"line":32,"column":29},"end":{"line":32,"column":45}},"12":{"start":{"line":33,"column":2},"end":{"line":33,"column":11}},"13":{"start":{"line":46,"column":25},"end":{"line":64,"column":1}},"14":{"start":{"line":47,"column":22},"end":{"line":47,"column":23}},"15":{"start":{"line":49,"column":2},"end":{"line":55,"column":3}},"16":{"start":{"line":54,"column":4},"end":{"line":54,"column":25}},"17":{"start":{"line":56,"column":2},"end":{"line":56,"column":36}},"18":{"start":{"line":57,"column":2},"end":{"line":60,"column":18}},"19":{"start":{"line":62,"column":2},"end":{"line":62,"column":47}},"20":{"start":{"line":63,"column":2},"end":{"line":63,"column":23}}},"fnMap":{"0":{"name":"(anonymous_0)","decl":{"start":{"line":12,"column":34},"end":{"line":12,"column":35}},"loc":{"start":{"line":12,"column":46},"end":{"line":21,"column":1}},"line":12},"1":{"name":"(anonymous_1)","decl":{"start":{"line":27,"column":39},"end":{"line":27,"column":40}},"loc":{"start":{"line":27,"column":47},"end":{"line":34,"column":1}},"line":27},"2":{"name":"(anonymous_2)","decl":{"start":{"line":46,"column":25},"end":{"line":46,"column":26}},"loc":{"start":{"line":46,"column":74},"end":{"line":64,"column":1}},"line":46}},"branchMap":{"0":{"loc":{"start":{"line":17,"column":2},"end":{"line":19,"column":3}},"type":"if","locations":[{"start":{"line":17,"column":2},"end":{"line":19,"column":3}},{"start":{"line":17,"column":2},"end":{"line":19,"column":3}}],"line":17},"1":{"loc":{"start":{"line":32,"column":2},"end":{"line":32,"column":45}},"type":"if","locations":[{"start":{"line":32,"column":2},"end":{"line":32,"column":45}},{"start":{"line":32,"column":2},"end":{"line":32,"column":45}}],"line":32},"2":{"loc":{"start":{"line":49,"column":2},"end":{"line":55,"column":3}},"type":"if","locations":[{"start":{"line":49,"column":2},"end":{"line":55,"column":3}},{"start":{"line":49,"column":2},"end":{"line":55,"column":3}}],"line":49},"3":{"loc":{"start":{"line":50,"column":4},"end":{"line":52,"column":40}},"type":"binary-expr","locations":[{"start":{"line":50,"column":5},"end":{"line":50,"column":39}},{"start":{"line":51,"column":6},"end":{"line":51,"column":49}},{"start":{"line":52,"column":4},"end":{"line":52,"column":40}}],"line":50},"4":{"loc":{"start":{"line":58,"column":4},"end":{"line":60,"column":17}},"type":"binary-expr","locations":[{"start":{"line":58,"column":4},"end":{"line":58,"column":36}},{"start":{"line":59,"column":4},"end":{"line":59,"column":40}},{"start":{"line":60,"column":4},"end":{"line":60,"column":17}}],"line":58}},"s":{"0":1,"1":4,"2":4,"3":4,"4":4,"5":2,"6":2,"7":1,"8":6,"9":6,"10":6,"11":4,"12":2,"13":1,"14":16,"15":16,"16":2,"17":14,"18":14,"19":14,"20":14},"f":{"0":4,"1":6,"2":16},"b":{"0":[2,2],"1":[4,2],"2":[2,14],"3":[16,4,14],"4":[14,6,2]},"_coverageSchema":"332fd63041d2c1bcb487cc26dd0d5f7d97098a6c","hash":"2c60bd0da42ca5e28df8e99294a862df6a496b33"}
,"/Volumes/MAC-DATA/Project/Pyco/Indigo/Exercises/src/quiz-three/Shop.js": {"path":"/Volumes/MAC-DATA/Project/Pyco/Indigo/Exercises/src/quiz-three/Shop.js","statementMap":{"0":{"start":{"line":12,"column":4},"end":{"line":12,"column":31}},"1":{"start":{"line":14,"column":4},"end":{"line":14,"column":63}},"2":{"start":{"line":15,"column":4},"end":{"line":15,"column":71}},"3":{"start":{"line":19,"column":48},"end":{"line":19,"column":54}},"4":{"start":{"line":20,"column":4},"end":{"line":20,"column":29}},"5":{"start":{"line":21,"column":4},"end":{"line":21,"column":31}},"6":{"start":{"line":22,"column":4},"end":{"line":22,"column":33}},"7":{"start":{"line":26,"column":4},"end":{"line":37,"column":5}},"8":{"start":{"line":27,"column":6},"end":{"line":27,"column":15}},"9":{"start":{"line":29,"column":44},"end":{"line":29,"column":57}},"10":{"start":{"line":30,"column":28},"end":{"line":35,"column":7}},"11":{"start":{"line":36,"column":6},"end":{"line":36,"column":44}},"12":{"start":{"line":41,"column":4},"end":{"line":41,"column":53}}},"fnMap":{"0":{"name":"(anonymous_0)","decl":{"start":{"line":11,"column":2},"end":{"line":11,"column":3}},"loc":{"start":{"line":11,"column":22},"end":{"line":16,"column":3}},"line":11},"1":{"name":"(anonymous_1)","decl":{"start":{"line":18,"column":2},"end":{"line":18,"column":3}},"loc":{"start":{"line":18,"column":24},"end":{"line":23,"column":3}},"line":18},"2":{"name":"(anonymous_2)","decl":{"start":{"line":25,"column":2},"end":{"line":25,"column":3}},"loc":{"start":{"line":25,"column":22},"end":{"line":38,"column":3}},"line":25},"3":{"name":"(anonymous_3)","decl":{"start":{"line":40,"column":2},"end":{"line":40,"column":3}},"loc":{"start":{"line":40,"column":26},"end":{"line":42,"column":3}},"line":40}},"branchMap":{"0":{"loc":{"start":{"line":26,"column":4},"end":{"line":37,"column":5}},"type":"if","locations":[{"start":{"line":26,"column":4},"end":{"line":37,"column":5}},{"start":{"line":26,"column":4},"end":{"line":37,"column":5}}],"line":26}},"s":{"0":20,"1":20,"2":20,"3":20,"4":20,"5":20,"6":20,"7":20,"8":4,"9":16,"10":16,"11":16,"12":10},"f":{"0":20,"1":20,"2":20,"3":10},"b":{"0":[4,16]},"_coverageSchema":"332fd63041d2c1bcb487cc26dd0d5f7d97098a6c","hash":"3a2b5fb1e09ecd912c3b511b74e4851db810b6ca"}
}
