TN:
SF:/Volumes/Intel360SSD/Project/Indigo/Test/AlgoExercises/src/quiz-one/Q1.js
FN:14,(anonymous_0)
FN:82,(anonymous_1)
FN:85,(anonymous_2)
FN:87,(anonymous_3)
FNF:4
FNH:4
FNDA:4,(anonymous_0)
FNDA:4,(anonymous_1)
FNDA:4,(anonymous_2)
FNDA:6,(anonymous_3)
DA:14,1
DA:15,4
DA:17,3
DA:18,3
DA:19,3
DA:22,3
DA:23,3
DA:24,3
DA:25,69
DA:28,69
DA:29,1
DA:30,1
DA:31,1
DA:32,1
DA:33,1
DA:34,1
DA:35,1
DA:39,68
DA:40,2
DA:41,2
DA:42,2
DA:43,2
DA:44,2
DA:48,66
DA:49,6
DA:50,6
DA:53,60
DA:54,3
DA:55,3
DA:56,3
DA:59,57
DA:60,24
DA:61,24
DA:63,33
DA:64,33
DA:67,3
DA:82,1
DA:83,4
DA:85,3
DA:86,4
DA:87,6
DA:91,3
DA:92,3
LF:43
LH:43
BRDA:15,0,0,1
BRDA:15,0,1,3
BRDA:15,1,0,4
BRDA:15,1,1,4
BRDA:28,2,0,1
BRDA:28,2,1,68
BRDA:39,3,0,2
BRDA:39,3,1,66
BRDA:48,4,0,6
BRDA:48,4,1,60
BRDA:53,5,0,3
BRDA:53,5,1,57
BRDA:59,6,0,24
BRDA:59,6,1,33
BRDA:83,7,0,1
BRDA:83,7,1,3
BRDA:83,8,0,4
BRDA:83,8,1,3
BRF:18
BRH:18
end_of_record
TN:
SF:/Volumes/Intel360SSD/Project/Indigo/Test/AlgoExercises/src/quiz-three/AmountBaseDiscount.js
FN:4,(anonymous_0)
FN:9,(anonymous_1)
FNF:2
FNH:2
FNDA:20,(anonymous_0)
FNDA:20,(anonymous_1)
DA:5,20
DA:6,20
DA:10,20
DA:11,20
DA:12,20
DA:13,20
LF:6
LH:6
BRF:0
BRH:0
end_of_record
TN:
SF:/Volumes/Intel360SSD/Project/Indigo/Test/AlgoExercises/src/quiz-three/Configuration.js
FNF:0
FNH:0
DA:1,1
DA:9,1
DA:15,1
LF:3
LH:3
BRF:0
BRH:0
end_of_record
TN:
SF:/Volumes/Intel360SSD/Project/Indigo/Test/AlgoExercises/src/quiz-three/Customer.js
FN:2,(anonymous_0)
FN:6,(anonymous_1)
FNF:2
FNH:2
FNDA:20,(anonymous_0)
FNDA:20,(anonymous_1)
DA:3,20
DA:7,20
DA:8,20
DA:9,20
DA:10,20
LF:5
LH:5
BRF:0
BRH:0
end_of_record
TN:
SF:/Volumes/Intel360SSD/Project/Indigo/Test/AlgoExercises/src/quiz-three/DiscountBase.js
FN:2,(anonymous_0)
FNF:1
FNH:1
FNDA:100,(anonymous_0)
DA:3,100
DA:4,100
LF:2
LH:2
BRDA:2,0,0,100
BRF:1
BRH:1
end_of_record
TN:
SF:/Volumes/Intel360SSD/Project/Indigo/Test/AlgoExercises/src/quiz-three/DiscountRules.js
FN:15,(anonymous_0)
FN:19,(anonymous_1)
FN:55,(anonymous_2)
FNF:3
FNH:3
FNDA:20,(anonymous_0)
FNDA:20,(anonymous_1)
FNDA:20,(anonymous_2)
DA:4,1
DA:16,20
DA:20,20
DA:25,20
DA:30,20
DA:35,20
DA:41,20
DA:46,20
DA:56,20
LF:9
LH:9
BRF:0
BRH:0
end_of_record
TN:
SF:/Volumes/Intel360SSD/Project/Indigo/Test/AlgoExercises/src/quiz-three/DiscountUtil.js
FN:7,(anonymous_0)
FNF:1
FNH:1
FNDA:2,(anonymous_0)
DA:7,1
DA:8,2
DA:10,2
DA:11,2
DA:12,2
DA:13,1
DA:15,1
LF:7
LH:7
BRDA:12,0,0,1
BRDA:12,0,1,1
BRF:2
BRH:2
end_of_record
TN:
SF:/Volumes/Intel360SSD/Project/Indigo/Test/AlgoExercises/src/quiz-three/PercentageBaseDiscount.js
FN:4,(anonymous_0)
FN:9,(anonymous_1)
FNF:2
FNH:2
FNDA:80,(anonymous_0)
FNDA:80,(anonymous_1)
DA:5,80
DA:6,80
DA:10,80
DA:11,80
DA:12,80
LF:5
LH:5
BRF:0
BRH:0
end_of_record
TN:
SF:/Volumes/Intel360SSD/Project/Indigo/Test/AlgoExercises/src/quiz-three/Shop.js
FN:7,(anonymous_0)
FN:14,(anonymous_1)
FN:21,(anonymous_2)
FN:44,(anonymous_3)
FN:51,(anonymous_4)
FNF:5
FNH:5
FNDA:20,(anonymous_0)
FNDA:20,(anonymous_1)
FNDA:20,(anonymous_2)
FNDA:20,(anonymous_3)
FNDA:10,(anonymous_4)
DA:8,20
DA:10,20
DA:11,20
DA:15,20
DA:16,20
DA:17,20
DA:18,20
DA:22,20
DA:23,2
DA:24,18
DA:25,2
DA:26,16
DA:27,1
DA:28,15
DA:32,1
DA:35,14
DA:36,2
DA:38,12
DA:41,20
DA:45,20
DA:48,20
DA:52,10
LF:22
LH:22
BRDA:22,0,0,2
BRDA:22,0,1,18
BRDA:24,1,0,2
BRDA:24,1,1,16
BRDA:26,2,0,1
BRDA:26,2,1,15
BRDA:28,3,0,1
BRDA:28,3,1,14
BRDA:29,4,0,15
BRDA:29,4,1,2
BRDA:35,5,0,2
BRDA:35,5,1,12
BRDA:45,6,0,12
BRDA:45,6,1,8
BRF:14
BRH:14
end_of_record
