TN:
SF:/Volumes/MAC-DATA/Project/Pyco/Indigo/Algo-Ex/AlgoExercises/src/quiz-one/Q1.js
FN:7,(anonymous_0)
FN:19,(anonymous_1)
FN:38,(anonymous_2)
FN:45,(anonymous_3)
FNF:4
FNH:4
FNDA:4,(anonymous_0)
FNDA:4,(anonymous_1)
FNDA:4,(anonymous_2)
FNDA:6,(anonymous_3)
DA:7,1
DA:8,4
DA:10,3
DA:11,3
DA:12,3
DA:14,3
DA:15,3
DA:16,4
DA:17,4
DA:18,4
DA:19,2
DA:20,4
DA:21,4
DA:24,2
DA:25,2
DA:28,4
DA:30,3
DA:38,1
DA:39,4
DA:41,3
DA:42,3
DA:43,3
DA:44,4
DA:45,6
DA:47,4
DA:50,3
DA:51,3
LF:27
LH:27
BRDA:8,0,0,1
BRDA:8,0,1,3
BRDA:8,1,0,4
BRDA:8,1,1,4
BRDA:18,2,0,2
BRDA:18,2,1,2
BRDA:39,3,0,1
BRDA:39,3,1,3
BRDA:39,4,0,4
BRDA:39,4,1,3
BRF:10
BRH:10
end_of_record
TN:
SF:/Volumes/MAC-DATA/Project/Pyco/Indigo/Algo-Ex/AlgoExercises/src/quiz-three/Configuration.js
FNF:0
FNH:0
DA:1,1
DA:9,1
DA:15,1
DA:19,1
LF:4
LH:4
BRF:0
BRH:0
end_of_record
TN:
SF:/Volumes/MAC-DATA/Project/Pyco/Indigo/Algo-Ex/AlgoExercises/src/quiz-three/Customer.js
FN:2,(anonymous_0)
FN:6,(anonymous_1)
FNF:2
FNH:2
FNDA:20,(anonymous_0)
FNDA:20,(anonymous_1)
DA:3,20
DA:7,20
DA:8,20
DA:9,20
DA:10,20
LF:5
LH:5
BRF:0
BRH:0
end_of_record
TN:
SF:/Volumes/MAC-DATA/Project/Pyco/Indigo/Algo-Ex/AlgoExercises/src/quiz-three/DiscountUtil.js
FN:12,(anonymous_0)
FN:28,(anonymous_1)
FN:46,(anonymous_2)
FNF:3
FNH:3
FNDA:4,(anonymous_0)
FNDA:6,(anonymous_1)
FNDA:16,(anonymous_2)
DA:12,1
DA:13,4
DA:15,4
DA:16,4
DA:17,4
DA:18,2
DA:20,2
DA:28,1
DA:31,6
DA:32,6
DA:33,2
DA:46,1
DA:47,16
DA:49,16
DA:54,2
DA:56,14
DA:61,14
LF:17
LH:17
BRDA:17,0,0,2
BRDA:17,0,1,2
BRDA:32,1,0,4
BRDA:32,1,1,2
BRDA:49,2,0,2
BRDA:49,2,1,14
BRDA:50,3,0,16
BRDA:50,3,1,4
BRDA:50,3,2,14
BRDA:57,4,0,14
BRDA:57,4,1,6
BRDA:57,4,2,2
BRF:12
BRH:12
end_of_record
TN:
SF:/Volumes/MAC-DATA/Project/Pyco/Indigo/Algo-Ex/AlgoExercises/src/quiz-three/Shop.js
FN:11,(anonymous_0)
FN:18,(anonymous_1)
FN:25,(anonymous_2)
FN:40,(anonymous_3)
FNF:4
FNH:4
FNDA:20,(anonymous_0)
FNDA:20,(anonymous_1)
FNDA:20,(anonymous_2)
FNDA:10,(anonymous_3)
DA:12,20
DA:14,20
DA:15,20
DA:19,20
DA:20,20
DA:21,20
DA:22,20
DA:26,20
DA:27,4
DA:29,16
DA:30,16
DA:36,16
DA:41,10
LF:13
LH:13
BRDA:26,0,0,4
BRDA:26,0,1,16
BRF:2
BRH:2
end_of_record
